# JRE version: OpenJDK Runtime Environment (7.0_85-b01) (build 1.7.0_85-b01)
# Java VM: OpenJDK 64-Bit Server VM (24.85-b03 mixed mode linux-amd64 compressed oops)
Heap
 PSYoungGen      total 107008K, used 12262K [0x00000000eaa80000, 0x00000000f2080000, 0x0000000100000000)
  eden space 94720K, 0% used [0x00000000eaa80000,0x00000000eaa80000,0x00000000f0700000)
  from space 12288K, 99% used [0x00000000f0700000,0x00000000f12f99d0,0x00000000f1300000)
  to   space 10752K, 0% used [0x00000000f1300000,0x00000000f1300000,0x00000000f1d80000)
 ParOldGen       total 62464K, used 34483K [0x00000000c0000000, 0x00000000c3d00000, 0x00000000eaa80000)
  object space 62464K, 55% used [0x00000000c0000000,0x00000000c21ace68,0x00000000c3d00000)
 PSPermGen       total 21504K, used 5934K [0x00000000b5a00000, 0x00000000b6f00000, 0x00000000c0000000)
  object space 21504K, 27% used [0x00000000b5a00000,0x00000000b5fcba70,0x00000000b6f00000)
GC Heap History (10 events):
Event: 6,013 GC heap after
Heap after GC invocations=2 (full 0):
 PSYoungGen      total 27648K, used 3575K [0x00000000eaa80000, 0x00000000ee080000, 0x0000000100000000)
  eden space 24064K, 0% used [0x00000000eaa80000,0x00000000eaa80000,0x00000000ec200000)
  from space 3584K, 99% used [0x00000000ec580000,0x00000000ec8fdc88,0x00000000ec900000)
  to   space 3584K, 0% used [0x00000000ec200000,0x00000000ec200000,0x00000000ec580000)
 ParOldGen       total 62464K, used 4709K [0x00000000c0000000, 0x00000000c3d00000, 0x00000000eaa80000)
  object space 62464K, 7% used [0x00000000c0000000,0x00000000c04994b8,0x00000000c3d00000)
 PSPermGen       total 21504K, used 5795K [0x00000000b5a00000, 0x00000000b6f00000, 0x00000000c0000000)
  object space 21504K, 26% used [0x00000000b5a00000,0x00000000b5fa8f38,0x00000000b6f00000)
}
Event: 13,009 GC heap before
{Heap before GC invocations=3 (full 0):
 PSYoungGen      total 27648K, used 27639K [0x00000000eaa80000, 0x00000000ee080000, 0x0000000100000000)
  eden space 24064K, 100% used [0x00000000eaa80000,0x00000000ec200000,0x00000000ec200000)
  from space 3584K, 99% used [0x00000000ec580000,0x00000000ec8fdc88,0x00000000ec900000)
  to   space 3584K, 0% used [0x00000000ec200000,0x00000000ec200000,0x00000000ec580000)
 ParOldGen       total 62464K, used 4709K [0x00000000c0000000, 0x00000000c3d00000, 0x00000000eaa80000)
  object space 62464K, 7% used [0x00000000c0000000,0x00000000c04994b8,0x00000000c3d00000)
 PSPermGen       total 21504K, used 5826K [0x00000000b5a00000, 0x00000000b6f00000, 0x00000000c0000000)
  object space 21504K, 27% used [0x00000000b5a00000,0x00000000b5fb08c0,0x00000000b6f00000)
Event: 14,310 GC heap after
Heap after GC invocations=3 (full 0):
 PSYoungGen      total 27648K, used 3552K [0x00000000eaa80000, 0x00000000ee080000, 0x0000000100000000)
  eden space 24064K, 0% used [0x00000000eaa80000,0x00000000eaa80000,0x00000000ec200000)
  from space 3584K, 99% used [0x00000000ec200000,0x00000000ec578028,0x00000000ec580000)
  to   space 3584K, 0% used [0x00000000edd00000,0x00000000edd00000,0x00000000ee080000)
 ParOldGen       total 62464K, used 8327K [0x00000000c0000000, 0x00000000c3d00000, 0x00000000eaa80000)
  object space 62464K, 13% used [0x00000000c0000000,0x00000000c0821dc0,0x00000000c3d00000)
 PSPermGen       total 21504K, used 5826K [0x00000000b5a00000, 0x00000000b6f00000, 0x00000000c0000000)
  object space 21504K, 27% used [0x00000000b5a00000,0x00000000b5fb08c0,0x00000000b6f00000)
}
Event: 19,013 GC heap before
{Heap before GC invocations=4 (full 0):
 PSYoungGen      total 27648K, used 27616K [0x00000000eaa80000, 0x00000000ee080000, 0x0000000100000000)
  eden space 24064K, 100% used [0x00000000eaa80000,0x00000000ec200000,0x00000000ec200000)
  from space 3584K, 99% used [0x00000000ec200000,0x00000000ec578028,0x00000000ec580000)
  to   space 3584K, 0% used [0x00000000edd00000,0x00000000edd00000,0x00000000ee080000)
 ParOldGen       total 62464K, used 8327K [0x00000000c0000000, 0x00000000c3d00000, 0x00000000eaa80000)
  object space 62464K, 13% used [0x00000000c0000000,0x00000000c0821dc0,0x00000000c3d00000)
 PSPermGen       total 21504K, used 5858K [0x00000000b5a00000, 0x00000000b6f00000, 0x00000000c0000000)
  object space 21504K, 27% used [0x00000000b5a00000,0x00000000b5fb88b8,0x00000000b6f00000)
Event: 19,084 GC heap after
Heap after GC invocations=4 (full 0):
 PSYoungGen      total 51712K, used 3552K [0x00000000eaa80000, 0x00000000ee080000, 0x0000000100000000)
  eden space 48128K, 0% used [0x00000000eaa80000,0x00000000eaa80000,0x00000000ed980000)
  from space 3584K, 99% used [0x00000000edd00000,0x00000000ee078028,0x00000000ee080000)
  to   space 3584K, 0% used [0x00000000ed980000,0x00000000ed980000,0x00000000edd00000)
 ParOldGen       total 62464K, used 11517K [0x00000000c0000000, 0x00000000c3d00000, 0x00000000eaa80000)
  object space 62464K, 18% used [0x00000000c0000000,0x00000000c0b3f598,0x00000000c3d00000)
 PSPermGen       total 21504K, used 5858K [0x00000000b5a00000, 0x00000000b6f00000, 0x00000000c0000000)
  object space 21504K, 27% used [0x00000000b5a00000,0x00000000b5fb88b8,0x00000000b6f00000)
}
Event: 22,897 GC heap before
{Heap before GC invocations=5 (full 0):
 PSYoungGen      total 51712K, used 51680K [0x00000000eaa80000, 0x00000000ee080000, 0x0000000100000000)
  eden space 48128K, 100% used [0x00000000eaa80000,0x00000000ed980000,0x00000000ed980000)
  from space 3584K, 99% used [0x00000000edd00000,0x00000000ee078028,0x00000000ee080000)
  to   space 3584K, 0% used [0x00000000ed980000,0x00000000ed980000,0x00000000edd00000)
 ParOldGen       total 62464K, used 11517K [0x00000000c0000000, 0x00000000c3d00000, 0x00000000eaa80000)
  object space 62464K, 18% used [0x00000000c0000000,0x00000000c0b3f598,0x00000000c3d00000)
 PSPermGen       total 21504K, used 5891K [0x00000000b5a00000, 0x00000000b6f00000, 0x00000000c0000000)
  object space 21504K, 27% used [0x00000000b5a00000,0x00000000b5fc0df8,0x00000000b6f00000)
Event: 34,687 GC heap after
Heap after GC invocations=5 (full 0):
 PSYoungGen      total 51712K, used 3584K [0x00000000eaa80000, 0x00000000f1d80000, 0x0000000100000000)
  eden space 48128K, 0% used [0x00000000eaa80000,0x00000000eaa80000,0x00000000ed980000)
  from space 3584K, 100% used [0x00000000ed980000,0x00000000edd00000,0x00000000edd00000)
  to   space 10752K, 0% used [0x00000000f1300000,0x00000000f1300000,0x00000000f1d80000)
 ParOldGen       total 62464K, used 18439K [0x00000000c0000000, 0x00000000c3d00000, 0x00000000eaa80000)
  object space 62464K, 29% used [0x00000000c0000000,0x00000000c1201e70,0x00000000c3d00000)
 PSPermGen       total 21504K, used 5891K [0x00000000b5a00000, 0x00000000b6f00000, 0x00000000c0000000)
  object space 21504K, 27% used [0x00000000b5a00000,0x00000000b5fc0df8,0x00000000b6f00000)
}
Event: 37,154 GC heap before
{Heap before GC invocations=6 (full 0):
 PSYoungGen      total 51712K, used 51712K [0x00000000eaa80000, 0x00000000f1d80000, 0x0000000100000000)
  eden space 48128K, 100% used [0x00000000eaa80000,0x00000000ed980000,0x00000000ed980000)
  from space 3584K, 100% used [0x00000000ed980000,0x00000000edd00000,0x00000000edd00000)
  to   space 10752K, 0% used [0x00000000f1300000,0x00000000f1300000,0x00000000f1d80000)
 ParOldGen       total 62464K, used 18439K [0x00000000c0000000, 0x00000000c3d00000, 0x00000000eaa80000)
  object space 62464K, 29% used [0x00000000c0000000,0x00000000c1201e70,0x00000000c3d00000)
 PSPermGen       total 21504K, used 5907K [0x00000000b5a00000, 0x00000000b6f00000, 0x00000000c0000000)
  object space 21504K, 27% used [0x00000000b5a00000,0x00000000b5fc4d38,0x00000000b6f00000)
Event: 37,200 GC heap after
Heap after GC invocations=6 (full 0):
 PSYoungGen      total 105472K, used 10746K [0x00000000eaa80000, 0x00000000f2080000, 0x0000000100000000)
  eden space 94720K, 0% used [0x00000000eaa80000,0x00000000eaa80000,0x00000000f0700000)
  from space 10752K, 99% used [0x00000000f1300000,0x00000000f1d7ea38,0x00000000f1d80000)
  to   space 12288K, 0% used [0x00000000f0700000,0x00000000f0700000,0x00000000f1300000)
 ParOldGen       total 62464K, used 18997K [0x00000000c0000000, 0x00000000c3d00000, 0x00000000eaa80000)
  object space 62464K, 30% used [0x00000000c0000000,0x00000000c128d6e8,0x00000000c3d00000)
 PSPermGen       total 21504K, used 5907K [0x00000000b5a00000, 0x00000000b6f00000, 0x00000000c0000000)
  object space 21504K, 27% used [0x00000000b5a00000,0x00000000b5fc4d38,0x00000000b6f00000)
}
Event: 124,665 GC heap before
{Heap before GC invocations=7 (full 0):
 PSYoungGen      total 105472K, used 105466K [0x00000000eaa80000, 0x00000000f2080000, 0x0000000100000000)
  eden space 94720K, 100% used [0x00000000eaa80000,0x00000000f0700000,0x00000000f0700000)
  from space 10752K, 99% used [0x00000000f1300000,0x00000000f1d7ea38,0x00000000f1d80000)
  to   space 12288K, 0% used [0x00000000f0700000,0x00000000f0700000,0x00000000f1300000)
 ParOldGen       total 62464K, used 18997K [0x00000000c0000000, 0x00000000c3d00000, 0x00000000eaa80000)
  object space 62464K, 30% used [0x00000000c0000000,0x00000000c128d6e8,0x00000000c3d00000)
 PSPermGen       total 21504K, used 5934K [0x00000000b5a00000, 0x00000000b6f00000, 0x00000000c0000000)
  object space 21504K, 27% used [0x00000000b5a00000,0x00000000b5fcba70,0x00000000b6f00000)

